  프실HW7_1976036_진정호.c
C:\Users\user\source\repos\프실HW7\프실HW7_1976036_진정호.c(51,18): warning C4047: '함수': 'STUDENT **'의 간접 참조 수준이 'STUDENT *'과(와) 다릅니다.
C:\Users\user\source\repos\프실HW7\프실HW7_1976036_진정호.c(51,14): warning C4024: 'delete_node': 형식 및 실제 매개 변수 1의 형식이 서로 다릅니다.
C:\Users\user\source\repos\프실HW7\프실HW7_1976036_진정호.c(70,27): warning C4133: '함수': 'student **'과(와) 'STUDENT **' 사이의 형식이 호환되지 않습니다.
C:\Users\user\source\repos\프실HW7\프실HW7_1976036_진정호.c(72,21): warning C4133: '=': 'STUDENT *'과(와) 'student *' 사이의 형식이 호환되지 않습니다.
C:\Users\user\source\repos\프실HW7\프실HW7_1976036_진정호.c(76,26): warning C4133: '함수': 'student **'과(와) 'STUDENT **' 사이의 형식이 호환되지 않습니다.
C:\Users\user\source\repos\프실HW7\프실HW7_1976036_진정호.c(78,20): warning C4133: '=': 'STUDENT *'과(와) 'student *' 사이의 형식이 호환되지 않습니다.
C:\Users\user\source\repos\프실HW7\프실HW7_1976036_진정호.c(86,21): warning C4133: '함수': 'student *'과(와) 'STUDENT *' 사이의 형식이 호환되지 않습니다.
C:\Users\user\source\repos\프실HW7\프실HW7_1976036_진정호.c(87,22): warning C4133: '함수': 'student *'과(와) 'STUDENT *' 사이의 형식이 호환되지 않습니다.
C:\Users\user\source\repos\프실HW7\프실HW7_1976036_진정호.c(93,20): warning C4133: '함수': 'student *'과(와) 'STUDENT *' 사이의 형식이 호환되지 않습니다.
C:\Users\user\source\repos\프실HW7\프실HW7_1976036_진정호.c(95,21): warning C4133: '함수': 'student *'과(와) 'STUDENT *' 사이의 형식이 호환되지 않습니다.
C:\Users\user\source\repos\프실HW7\프실HW7_1976036_진정호.c(101,22): warning C4133: '함수': 'student *'과(와) 'STUDENT *' 사이의 형식이 호환되지 않습니다.
C:\Users\user\source\repos\프실HW7\프실HW7_1976036_진정호.c(102,23): warning C4133: '함수': 'student *'과(와) 'STUDENT *' 사이의 형식이 호환되지 않습니다.
C:\Users\user\source\repos\프실HW7\프실HW7_1976036_진정호.c(114,28): warning C4133: '!=': 'char *'과(와) 'student *' 사이의 형식이 호환되지 않습니다.
C:\Users\user\source\repos\프실HW7\프실HW7_1976036_진정호.c(116,27): warning C4133: '=': 'student *'과(와) 'STUDENT *' 사이의 형식이 호환되지 않습니다.
C:\Users\user\source\repos\프실HW7\프실HW7_1976036_진정호.c(119,25): warning C4133: '=': 'student *'과(와) 'STUDENT *' 사이의 형식이 호환되지 않습니다.
C:\Users\user\source\repos\프실HW7\프실HW7_1976036_진정호.c(131,22): warning C4133: '함수': 'student *'과(와) 'STUDENT *' 사이의 형식이 호환되지 않습니다.
C:\Users\user\source\repos\프실HW7\프실HW7_1976036_진정호.c(133,23): warning C4133: '함수': 'student *'과(와) 'STUDENT *' 사이의 형식이 호환되지 않습니다.
C:\Users\user\source\repos\프실HW7\프실HW7_1976036_진정호.c(127,11): warning C4101: 'found' :참조되지 않은 지역 변수입니다.
C:\Users\user\source\repos\프실HW7\프실HW7_1976036_진정호.c(134): warning C4715: 'btsearch': 모든 제어 경로에서 값을 반환하지는 않습니다.
  프실HW7.vcxproj -> C:\Users\user\source\repos\프실HW7\x64\Debug\프실HW7.exe
